<?xml version="1.0" encoding="UTF-8"?>
<!-- Generated by org.testng.reporters.JUnitReportReporter -->
<testsuite hostname="DESKTOP-1FAESPP" failures="0" tests="1" name="testCases.TC_001_AccountRegistration" time="2.492" errors="0" timestamp="2023-01-05T11:03:40 BDT" skipped="0">
  <testcase classname="testCases.TC_001_AccountRegistration" name="test_account_Registration" time="2.492"/>
  <system-out/>
</testsuite> <!-- testCases.TC_001_AccountRegistration -->
