<?xml version="1.0" encoding="UTF-8"?>
<!-- Generated by org.testng.reporters.JUnitReportReporter -->
<testsuite skipped="0" hostname="DESKTOP-1FAESPP" name="testCases.TC_001_AccountRegistration" tests="1" failures="0" timestamp="2023-01-05T13:34:21 BDT" time="4.155" errors="0">
  <testcase name="test_account_Registration" time="4.155" classname="testCases.TC_001_AccountRegistration"/>
  <system-out/>
</testsuite> <!-- testCases.TC_001_AccountRegistration -->
