<?xml version="1.0" encoding="UTF-8"?>
<!-- Generated by org.testng.reporters.JUnitReportReporter -->
<testsuite skipped="0" hostname="DESKTOP-1FAESPP" name="testCases.TC_002_Login" tests="1" failures="0" timestamp="2023-01-05T13:34:21 BDT" time="2.384" errors="0">
  <testcase name="test_Login" time="2.384" classname="testCases.TC_002_Login"/>
  <system-out/>
</testsuite> <!-- testCases.TC_002_Login -->
